<?xml version="1.0" encoding="UTF-8"?>
<testng-results ignored="0" total="1" passed="1" failed="0" skipped="0">
  <reporter-output>
  </reporter-output>
  <suite started-at="2024-07-13T16:28:45 IST" name="All Test Suite" finished-at="2024-07-13T16:28:45 IST" duration-ms="58">
    <groups>
    </groups>
    <test started-at="2024-07-13T16:28:45 IST" name="C:/Users/HP/IdeaProjects/SeleniumADO/src/test/java/testPackage1/test1.java" finished-at="2024-07-13T16:28:45 IST" duration-ms="58">
      <class name="testPackage1.test1">
        <test-method signature="cricket()[pri:0, instance:testPackage1.test1@6fd83fc1]" started-at="2024-07-13T16:28:45 IST" name="cricket" finished-at="2024-07-13T16:28:45 IST" duration-ms="5" status="PASS">
          <reporter-output>
          </reporter-output>
        </test-method> <!-- cricket -->
      </class> <!-- testPackage1.test1 -->
    </test> <!-- C:/Users/HP/IdeaProjects/SeleniumADO/src/test/java/testPackage1/test1.java -->
  </suite> <!-- All Test Suite -->
</testng-results>
